
EVALUATION STARTED:                 23/02/2022, 12:07:12
EVALUATING CHALLENGE:               2022/w07
FOUND 33 SOLUTIONS:                 adjoa1.js, aman1.js, anuradha1.js, anuradha2.js, anuradha3.js, daan1.js, daan2.js, daan3.js, hossein1.js, hossein2.js,
                          joseph1.js, joseph2.js, joseph3.js, joseph4.js, koodalarasan1.js, lars1.js, lars2.js, lars3.js, lee1.js, lee2.js,
                          lee3.js, lee4.js, luc1.js, luc2.js, luc3.js, luc4.js, patrick1.js, patrick2.js, patrick3.js, tim1.js, tim2.js, varun1.js,
                          varun2.js
RUNNING EVALUATION FOR:             5400 SECONDS WITH 10000 TEST CASES IN EACH CYCLE...



EVALUATION ENDED:                   23/02/2022, 13:37:21
DURATION:                           1 hour, 30 minutes, 9.047 seconds

RANKINGS:
╔═══════╤════════╤═══════════════╤═════════╤══════════╤══════════════╤══════╗
║ Place │ Points │ Name          │ Total   │ Best run │ Best compile │ Size ║
╟───────┼────────┼───────────────┼─────────┼──────────┼──────────────┼──────╢
║ 1     │ 25     │ luc2          │ 1.164ms │ 1.152ms  │ 0.012ms      │ 264  ║
╟───────┼────────┼───────────────┼─────────┼──────────┼──────────────┼──────╢
║       │ 25     │ lee3          │ 1.168ms │ 1.155ms  │ 0.013ms      │ 275  ║
╟───────┼────────┼───────────────┼─────────┼──────────┼──────────────┼──────╢
║       │ 25     │ koodalarasan1 │ 1.172ms │ 1.159ms  │ 0.013ms      │ 282  ║
╟───────┼────────┼───────────────┼─────────┼──────────┼──────────────┼──────╢
║       │ 25     │ hossein1      │ 1.173ms │ 1.160ms  │ 0.014ms      │ 289  ║
╟───────┼────────┼───────────────┼─────────┼──────────┼──────────────┼──────╢
║       │ 25     │ aman1         │ 1.174ms │ 1.162ms  │ 0.012ms      │ 226  ║
╟───────┼────────┼───────────────┼─────────┼──────────┼──────────────┼──────╢
║       │ 25     │ lars1         │ 1.200ms │ 1.187ms  │ 0.013ms      │ 458  ║
╟───────┼────────┼───────────────┼─────────┼──────────┼──────────────┼──────╢
║ 7     │ 6      │ anuradha2     │ 1.228ms │ 1.215ms  │ 0.013ms      │ 251  ║
╟───────┼────────┼───────────────┼─────────┼──────────┼──────────────┼──────╢
║       │ 6      │ joseph4       │ 1.249ms │ 1.237ms  │ 0.012ms      │ 348  ║
╟───────┼────────┼───────────────┼─────────┼──────────┼──────────────┼──────╢
║ 9     │ 2      │ daan1         │ 1.342ms │ 1.330ms  │ 0.012ms      │ 246  ║
╟───────┼────────┼───────────────┼─────────┼──────────┼──────────────┼──────╢
║ 10    │ 1      │ varun2        │ 1.772ms │ 1.758ms  │ 0.014ms      │ 285  ║
╟───────┼────────┼───────────────┼─────────┼──────────┼──────────────┼──────╢
║ 11    │        │ tim2          │ 3.579ms │ 3.566ms  │ 0.013ms      │ 49   ║
╟───────┼────────┼───────────────┼─────────┼──────────┼──────────────┼──────╢
║       │        │ patrick1      │ 3.603ms │ 3.589ms  │ 0.014ms      │ 224  ║
╟───────┼────────┼───────────────┼─────────┼──────────┼──────────────┼──────╢
║       │        │ adjoa1        │ 3.609ms │ 3.595ms  │ 0.014ms      │ 155  ║
╚═══════╧════════╧═══════════════╧═════════╧══════════╧══════════════╧══════╝

Keeping only best run from each contestant
Using 5% margin for determening ties

OMITTED FROM RANKINGS:              lars2.js, joseph3.js, lee1.js, luc4.js, anuradha3.js, luc3.js, luc1.js, anuradha1.js, tim1.js, joseph1.js, hossein2.js,
                          patrick3.js, varun1.js, lee4.js, patrick2.js, lars3.js, joseph2.js, daan2.js, lee2.js, daan3.js

CODEGOLF AWARD:                     anuradha1.js, daan2.js, hossein2.js, joseph2.js, lars3.js, lee4.js, luc1.js, tim2.js, varun1.js with 49 bytes

SYSTEM INFO:
NODE: v14.16.0
ARCH: x64
PLATFORM: linux
VERSION: #56-Ubuntu SMP Mon Oct 5 14:28:49 UTC 2020
MEMORY: 15.64GB
CPUS: 2 x Intel(R) Xeon(R) Gold 6248 CPU @ 2.50GHz
CPU speed: 2494MHz

RAW RESULTS:
┌─────────┬────────────────────┬────────────────────┬────────────────────┬──────────────────────┬──────┬────────────────┬────────────────────┬──────────────┬────────┬────────────┬───────┐
│ (index) │      solution      │       total        │      bestRun       │     bestCompile      │ size │    compiled    │   validationTime   │ onlyCodegolf │ failed │ failReason │ runs  │
├─────────┼────────────────────┼────────────────────┼────────────────────┼──────────────────────┼──────┼────────────────┼────────────────────┼──────────────┼────────┼────────────┼───────┤
│    0    │     'luc2.js'      │ 1.1643279995769262 │ 1.1524869995191693 │  0.0118410000577569  │ 264  │ 'successfully' │ 102.21398100000079 │    false     │ false  │    null    │ 26000 │
│    1    │     'lee3.js'      │ 1.1681009996682405 │ 1.154746999964118  │ 0.013353999704122543 │ 275  │ 'successfully' │ 105.82095000000118 │    false     │ false  │    null    │ 26000 │
│    2    │ 'koodalarasan1.js' │ 1.1720519997179508 │ 1.1585670001804829 │ 0.013484999537467957 │ 282  │ 'successfully' │ 103.39732900000672 │    false     │ false  │    null    │ 26000 │
│    3    │   'hossein1.js'    │ 1.1731639998033643 │ 1.1595310000702739 │  0.0136329997330904  │ 289  │ 'successfully' │ 100.90735599999607 │    false     │ false  │    null    │ 26000 │
│    4    │     'aman1.js'     │ 1.1735060000792146 │ 1.161650000140071  │ 0.011855999939143658 │ 226  │ 'successfully' │ 102.65135099999316 │    false     │ false  │    null    │ 26000 │
│    5    │     'lars1.js'     │ 1.2002820000052452 │ 1.187045999802649  │ 0.013236000202596188 │ 458  │ 'successfully' │ 102.13002700000652 │    false     │ false  │    null    │ 26000 │
│    6    │   'anuradha2.js'   │ 1.228249000152573  │ 1.2148580001667142 │ 0.013390999985858798 │ 251  │ 'successfully' │ 104.6092140000037  │    false     │ false  │    null    │ 26000 │
│    7    │    'joseph4.js'    │ 1.248933999799192  │ 1.2370309997349977 │ 0.011903000064194202 │ 348  │ 'successfully' │ 103.7775119999933  │    false     │ false  │    null    │ 26000 │
│    8    │     'lars2.js'     │ 1.2919170001987368 │ 1.2785060000605881 │ 0.013411000138148665 │ 294  │ 'successfully' │ 104.74149000000034 │    false     │ false  │    null    │ 26000 │
│    9    │     'daan1.js'     │ 1.3419169997796416 │ 1.3298380002379417 │ 0.012078999541699886 │ 246  │ 'successfully' │ 104.67827799999941 │    false     │ false  │    null    │ 26000 │
│   10    │    'joseph3.js'    │ 1.4293009997345507 │ 1.4158320003189147 │ 0.013468999415636063 │ 351  │ 'successfully' │ 102.82704000000376 │    false     │ false  │    null    │ 26000 │
│   11    │     'lee1.js'      │ 1.4601430003531277 │ 1.4469300000928342 │ 0.013213000260293484 │ 318  │ 'successfully' │ 103.56473299999925 │    false     │ false  │    null    │ 26000 │
│   12    │     'luc4.js'      │ 1.4873509998433292 │ 1.4751419997774065 │ 0.012209000065922737 │ 104  │ 'successfully' │ 283.4484669999947  │    false     │ false  │    null    │ 26000 │
│   13    │   'anuradha3.js'   │ 1.5835949997417629 │ 1.5701600001193583 │ 0.013434999622404575 │ 262  │ 'successfully' │ 108.47520500000246 │    false     │ false  │    null    │ 26000 │
│   14    │     'luc3.js'      │ 1.685836000367999  │ 1.673658000305295  │ 0.012178000062704086 │ 202  │ 'successfully' │ 113.70599599999696 │    false     │ false  │    null    │ 26000 │
│   15    │    'varun2.js'     │ 1.7717349997255951 │ 1.7581439996138215 │ 0.01359100011177361  │ 285  │ 'successfully' │ 865.0463270000037  │    false     │ false  │    null    │ 26000 │
│   16    │     'luc1.js'      │ 3.5591889997012913 │  3.54697100026533  │ 0.012217999435961246 │  49  │ 'successfully' │ 153.29768299999705 │    false     │ false  │    null    │ 26000 │
│   17    │     'tim2.js'      │ 3.578662000130862  │ 3.566138000227511  │ 0.012523999903351068 │  49  │ 'successfully' │ 153.41962700000295 │    false     │ false  │    null    │ 26000 │
│   18    │   'patrick1.js'    │ 3.603178999852389  │ 3.5893509997986257 │ 0.01382800005376339  │ 224  │ 'successfully' │ 141.0591179999974  │    false     │ false  │    null    │ 26000 │
│   19    │    'adjoa1.js'     │  3.6088719998952   │ 3.594899999909103  │ 0.013971999986097217 │ 155  │ 'successfully' │ 206.4579689999955  │    false     │ false  │    null    │ 26000 │
│   20    │   'anuradha1.js'   │ 3.6164839998818934 │ 3.604330000001937  │ 0.012153999879956245 │  49  │ 'successfully' │ 160.90396500000497 │    false     │ false  │    null    │ 26000 │
│   21    │     'tim1.js'      │ 3.6170779997482896 │ 3.6045309994369745 │ 0.01254700031131506  │  51  │ 'successfully' │ 152.44512899999972 │    false     │ false  │    null    │ 26000 │
│   22    │    'joseph1.js'    │ 3.6285769999958575 │ 3.6158859999850392 │ 0.012691000010818243 │  52  │ 'successfully' │ 154.24487000000227 │    false     │ false  │    null    │ 26000 │
│   23    │   'hossein2.js'    │ 3.6343060000799596 │ 3.622068999800831  │ 0.012237000279128551 │  49  │ 'successfully' │ 152.98998399999982 │    false     │ false  │    null    │ 26000 │
│   24    │   'patrick3.js'    │ 3.635422999970615  │ 3.6231129998341203 │ 0.012310000136494637 │ 147  │ 'successfully' │ 140.37743200000114 │    false     │ false  │    null    │ 26000 │
│   25    │    'varun1.js'     │ 3.6390789998695254 │ 3.6265089996159077 │ 0.012570000253617764 │  49  │ 'successfully' │ 157.78576800000155 │    false     │ false  │    null    │ 26000 │
│   26    │     'lee4.js'      │ 3.6445539998821914 │ 3.632062999997288  │ 0.012490999884903431 │  49  │ 'successfully' │ 157.65508699999918 │    false     │ false  │    null    │ 26000 │
│   27    │   'patrick2.js'    │ 3.6491480004042387 │ 3.6367140002548695 │ 0.01243400014936924  │  92  │ 'successfully' │ 137.44258799999807 │    false     │ false  │    null    │ 26000 │
│   28    │     'lars3.js'     │  3.65287599992007  │ 3.640637000091374  │ 0.012238999828696251 │  49  │ 'successfully' │ 152.72679900000367 │    false     │ false  │    null    │ 26000 │
│   29    │    'joseph2.js'    │ 3.6652029994875193 │ 3.653231999836862  │ 0.011970999650657177 │  49  │ 'successfully' │ 155.9914809999973  │    false     │ false  │    null    │ 26000 │
│   30    │     'daan2.js'     │ 3.7076359996572137 │ 3.6953819999471307 │ 0.012253999710083008 │  49  │ 'successfully' │ 151.48977999999624 │    false     │ false  │    null    │ 26000 │
│   31    │     'lee2.js'      │ 43.653570000082254 │ 43.63952000020072  │ 0.014049999881535769 │  66  │ 'successfully' │ 181.74163599999883 │    false     │ false  │    null    │ 26000 │
│   32    │     'daan3.js'     │ 43.99221899965778  │ 43.97498599998653  │ 0.017232999671250582 │ 166  │ 'successfully' │ 170.4663919999948  │    false     │ false  │    null    │ 26000 │
└─────────┴────────────────────┴────────────────────┴────────────────────┴──────────────────────┴──────┴────────────────┴────────────────────┴──────────────┴────────┴────────────┴───────┘