EVALUATION STARTED:       Wed May 05 2021 11:23:23 GMT+0000 (Coordinated Universal Time)
EVALUATING CHALLENGE:     2021/w17
FOUND 38 SOLUTIONS:       aman.js, bram1.js, bram2.js, dexter.js, irene1.js, irene2.js, irene3.js, jmulders1.js, jmulders2.js, joppe.js, lars.js,
                          lee1.js, lee2.js, lee3.js, mettin1.js, mettin2.js, mettin3.js, mettin4.js, mettin5.js, mettin6.js, oskar1.js, oskar2.js,
                          oskar3.js, peterPaul1.js, peterPaul2.js, peterPaul3.js, peterPaul4.js, peterPaul5.js, peterPaul6.js, tim1.js, tim2.js,
                          tim3.js, tim4.js, tim5.js, tim6.js, tim7.js, tim8.js, tim9.js
EVALUATING EACH           90000 TIMES WITH 10000 TEST CASES...

Running perf checks 100%... done!

EVALUATION ENDED:         Wed May 05 2021 12:51:59 GMT+0000 (Coordinated Universal Time)
DURATION:                 1 hour, 28 minutes, 36.805 seconds

RANKINGS:
╔═══════╤════════╤════════════╤════════════════╤═════════╤═════════════════╤══════════════╤══════════════╗
║ Place │ Points │ Name       │ Best           │ Average │ σ (st dev)      │ Size (bytes) │ Compile time ║
╟───────┼────────┼────────────┼────────────────┼─────────┼─────────────────┼──────────────┼──────────────╢
║ 1     │ 25     │ peterPaul6 │ 0.274ms (1.7σ) │ 0.319ms │ 0.026ms (8.1%)  │ 681          │ 0.096 ms     ║
╟───────┼────────┼────────────┼────────────────┼─────────┼─────────────────┼──────────────┼──────────────╢
║ 2     │ 18     │ aman       │ 0.301ms (1.7σ) │ 0.348ms │ 0.027ms (7.7%)  │ 458          │ 0.123 ms     ║
╟───────┼────────┼────────────┼────────────────┼─────────┼─────────────────┼──────────────┼──────────────╢
║       │ 18     │ irene3     │ 0.311ms (1.9σ) │ 0.363ms │ 0.028ms (7.6%)  │ 538          │ 0.068 ms     ║
╟───────┼────────┼────────────┼────────────────┼─────────┼─────────────────┼──────────────┼──────────────╢
║ 4     │ 12     │ tim9       │ 0.331ms (1.7σ) │ 0.382ms │ 0.030ms (7.9%)  │ 423          │ 0.088 ms     ║
╟───────┼────────┼────────────┼────────────────┼─────────┼─────────────────┼──────────────┼──────────────╢
║       │ 12     │ oskar3     │ 0.331ms (1.8σ) │ 0.383ms │ 0.028ms (7.3%)  │ 285          │ 0.069 ms     ║
╟───────┼────────┼────────────┼────────────────┼─────────┼─────────────────┼──────────────┼──────────────╢
║       │ 12     │ joppe      │ 0.333ms (1.8σ) │ 0.385ms │ 0.029ms (7.4%)  │ 375          │ 0.070 ms     ║
╟───────┼────────┼────────────┼────────────────┼─────────┼─────────────────┼──────────────┼──────────────╢
║       │ 12     │ lee2       │ 0.344ms (1.6σ) │ 0.400ms │ 0.035ms (8.8%)  │ 238          │ 0.058 ms     ║
╟───────┼────────┼────────────┼────────────────┼─────────┼─────────────────┼──────────────┼──────────────╢
║ 8     │ 4      │ jmulders2  │ 0.352ms (1.7σ) │ 0.408ms │ 0.033ms (8.0%)  │ 275          │ 0.067 ms     ║
╟───────┼────────┼────────────┼────────────────┼─────────┼─────────────────┼──────────────┼──────────────╢
║       │ 4      │ dexter     │ 0.356ms (1.7σ) │ 0.411ms │ 0.033ms (8.1%)  │ 271          │ 0.091 ms     ║
╟───────┼────────┼────────────┼────────────────┼─────────┼─────────────────┼──────────────┼──────────────╢
║ 10    │ 1      │ bram1      │ 0.403ms (1.7σ) │ 0.465ms │ 0.037ms (8.1%)  │ 262          │ 0.086 ms     ║
╟───────┼────────┼────────────┼────────────────┼─────────┼─────────────────┼──────────────┼──────────────╢
║ 11    │        │ mettin6    │ 0.943ms (1.3σ) │ 1.099ms │ 0.120ms (10.9%) │ 61           │ 0.051 ms     ║
╟───────┼────────┼────────────┼────────────────┼─────────┼─────────────────┼──────────────┼──────────────╢
║       │        │ lars       │ 0.957ms (1.2σ) │ 1.160ms │ 0.168ms (14.4%) │ 322          │ 0.068 ms     ║
╚═══════╧════════╧════════════╧════════════════╧═════════╧═════════════════╧══════════════╧══════════════╝

Keeping only best run from each contestant
Using 5% margin for determening ties

OMITTED FROM RANKINGS:    peterPaul1.js, irene1.js, tim8.js, lee3.js, tim3.js, tim5.js, tim4.js, oskar1.js, tim1.js, lee1.js, jmulders1.js,
                          oskar2.js, bram2.js, mettin5.js, peterPaul5.js, tim2.js, irene2.js, mettin4.js, tim6.js, peterPaul3.js, tim7.js,
                          mettin2.js, mettin1.js, peterPaul2.js, mettin3.js, peterPaul4.js

CODEGOLF AWARD:           irene2.js, mettin5.js, peterPaul5.js, tim6.js with 46 bytes

SYSTEM INFO:
NODE: v14.16.0
ARCH: x64
PLATFORM: linux
VERSION: #56-Ubuntu SMP Mon Oct 5 14:28:49 UTC 2020
MEMORY: 15.64GB
CPUS: 2 x Intel(R) Xeon(R) Gold 6140 CPU @ 2.30GHz
CPU speed: 2494MHz

RAW RESULTS:
┌─────────┬─────────────────┬────────┬────────────────────┬─────────────────────┬─────────────────────┬────────────────────┬──────────────────────┬──────┬────────────────┬──────────────────────┬───────┐
│ (index) │    solution     │ failed │       total        │       average       │        best         │       worst        │        stdev         │ size │    compiled    │     compileTime      │ runs  │
├─────────┼─────────────────┼────────┼────────────────────┼─────────────────────┼─────────────────────┼────────────────────┼──────────────────────┼──────┼────────────────┼──────────────────────┼───────┤
│    0    │ 'peterPaul6.js' │ false  │ 28684.764137036167 │ 0.3187196015226241  │ 0.27419500052928925 │ 2.3451579995453358 │ 0.025875648875531915 │ 681  │ 'successfully' │  0.0956570003181696  │ 90000 │
│    1    │    'aman.js'    │ false  │ 31321.60680991877  │ 0.34801785344354186 │ 0.3009599996730685  │ 2.295545999892056  │ 0.026962345303414254 │ 458  │ 'successfully' │   0.12319599930197   │ 90000 │
│    2    │   'irene3.js'   │ false  │ 32661.03559497092  │ 0.3629003954996769  │ 0.31139800045639277 │ 2.1617239993065596 │ 0.02771051027761998  │ 538  │ 'successfully' │ 0.06761700008064508  │ 90000 │
│    3    │    'tim9.js'    │ false  │ 34361.02417488769  │ 0.3817891574987521  │ 0.3308370001614094  │ 2.838667000643909  │ 0.030243941437355062 │ 423  │ 'successfully' │ 0.08815800026059151  │ 90000 │
│    4    │   'oskar3.js'   │ false  │ 34450.07309221383  │  0.382778589913487  │ 0.33132500015199184 │ 2.1785730002447963 │  0.0278352934081465  │ 285  │ 'successfully' │  0.069476000033319   │ 90000 │
│    5    │   'joppe.js'    │ false  │ 34693.19589512702  │ 0.38547995439030025 │ 0.33348000049591064 │ 2.7221329994499683 │ 0.028660453642635034 │ 375  │ 'successfully' │ 0.07017799932509661  │ 90000 │
│    6    │ 'peterPaul1.js' │ false  │ 35071.088797175325 │ 0.38967876441305915 │ 0.33829599991440773 │ 2.1491449996829033 │ 0.029015271304069105 │ 363  │ 'successfully' │ 0.06704400014132261  │ 90000 │
│    7    │   'irene1.js'   │ false  │  35189.8981731236  │ 0.3909988685902622  │ 0.3383499998599291  │ 2.1884139999747276 │ 0.030146297756680464 │ 338  │ 'successfully' │ 0.08573300018906593  │ 90000 │
│    8    │    'lee2.js'    │ false  │ 35972.14318973012  │ 0.39969047988589024 │ 0.3438330003991723  │ 4.704537000507116  │ 0.035256313211451486 │ 238  │ 'successfully' │ 0.058373999781906605 │ 90000 │
│    9    │    'tim8.js'    │ false  │ 36325.59360604826  │ 0.4036177067338696  │ 0.3460240000858903  │ 4.105329000391066  │ 0.032558358735018264 │ 427  │ 'successfully' │ 0.06664399988949299  │ 90000 │
│   10    │ 'jmulders2.js'  │ false  │ 36711.997555055656 │ 0.4079110839450628  │ 0.35168000031262636 │ 2.540939999744296  │ 0.032755125353316115 │ 275  │ 'successfully' │ 0.06745999958366156  │ 90000 │
│   11    │    'lee3.js'    │ false  │ 36499.902981016785 │ 0.40555447756685314 │ 0.35177600011229515 │ 2.527211000211537  │ 0.03245517389217171  │ 225  │ 'successfully' │ 0.057753000408411026 │ 90000 │
│   12    │   'dexter.js'   │ false  │ 36970.519683143124 │ 0.4107835520349236  │  0.355833999812603  │ 3.0185479996725917 │ 0.03308968425056012  │ 271  │ 'successfully' │ 0.09068599995225668  │ 90000 │
│   13    │    'tim3.js'    │ false  │ 39899.25046387687  │ 0.4433250051541875  │ 0.38277299981564283 │ 3.9081830009818077 │ 0.036801954980846666 │ 248  │ 'successfully' │ 0.059225999750196934 │ 90000 │
│   14    │    'tim5.js'    │ false  │ 39780.29433588032  │ 0.4420032703986702  │ 0.3840479999780655  │ 4.762590000405908  │ 0.03617037422587766  │ 351  │ 'successfully' │ 0.07414100039750338  │ 90000 │
│   15    │    'tim4.js'    │ false  │ 39917.92987516336  │ 0.4435325541684818  │  0.385903999209404  │ 3.7229349995031953 │ 0.035221654178747216 │ 395  │ 'successfully' │ 0.07195300050079823  │ 90000 │
│   16    │   'bram1.js'    │ false  │ 41876.18509617355  │ 0.4652909455130394  │ 0.40254800021648407 │ 4.324846000410616  │ 0.037462598297948534 │ 262  │ 'successfully' │ 0.08598800003528595  │ 90000 │
│   17    │   'oskar1.js'   │ false  │ 43580.93328524195  │ 0.48423259205824387 │ 0.41772000025957823 │ 2.868588000535965  │ 0.03758876642342954  │ 267  │ 'successfully' │ 0.07121500000357628  │ 90000 │
│   18    │    'tim1.js'    │ false  │  51728.2099240087  │ 0.5747578880445411  │ 0.49717599991708994 │ 5.377402000129223  │ 0.04345269192847847  │ 377  │ 'successfully' │ 0.06264699995517731  │ 90000 │
│   19    │    'lee1.js'    │ false  │ 64008.471314054914 │ 0.7112052368228323  │ 0.5705519998446107  │  6.14079700037837  │ 0.14886250712317334  │ 218  │ 'successfully' │ 0.05788600072264671  │ 90000 │
│   20    │ 'jmulders1.js'  │ false  │ 80009.18223400228  │ 0.8889909137111364  │ 0.7751230001449585  │ 3.698414000682533  │ 0.05799268677897129  │ 247  │ 'successfully' │  0.0912459995597601  │ 90000 │
│   21    │   'oskar2.js'   │ false  │  93073.4283320317  │ 1.0341492036892412  │ 0.8808900006115437  │ 3.414048000238836  │  0.119309403238291   │ 217  │ 'successfully' │  3.0749989999458194  │ 90000 │
│   22    │  'mettin6.js'   │ false  │ 98887.25242384337  │ 1.0987472491538153  │ 0.9434080002829432  │ 4.448440000414848  │ 0.11999166509342406  │  61  │ 'successfully' │ 0.05108000058680773  │ 90000 │
│   23    │    'lars.js'    │ false  │ 104373.06815009099 │ 1.1597007572232332  │ 0.9569140002131462  │ 8.430683000013232  │ 0.16750714841801426  │ 322  │ 'successfully' │ 0.06826900038868189  │ 90000 │
│   24    │   'bram2.js'    │ false  │ 104665.00256585423 │ 1.1629444729539358  │ 0.9964580005034804  │ 4.956705999560654  │ 0.12468389883893707  │  83  │ 'successfully' │ 0.07868300005793571  │ 90000 │
│   25    │  'mettin5.js'   │ false  │ 190038.44216798432 │  2.111538246310937  │ 1.7394980005919933  │ 7.293953999876976  │ 0.23094537319972433  │  46  │ 'successfully' │ 0.05143200047314167  │ 90000 │
│   26    │ 'peterPaul5.js' │ false  │ 187884.59977513365 │ 2.0876066641681517  │ 1.7467860002070665  │ 5.093250000849366  │  0.2291744052096493  │  46  │ 'successfully' │ 0.05141400080174208  │ 90000 │
│   27    │    'tim2.js'    │ false  │ 190270.5173342051  │ 2.1141168592689454  │ 1.7633940000087023  │ 12.056525999680161 │ 0.23531730268439993  │  50  │ 'successfully' │ 0.04956999979913235  │ 90000 │
│   28    │   'irene2.js'   │ false  │ 187603.00023705605 │  2.084477780411734  │ 1.7644510008394718  │ 6.533164999447763  │ 0.23096708271882777  │  46  │ 'successfully' │ 0.04768599942326546  │ 90000 │
│   29    │  'mettin4.js'   │ false  │  190886.255124975  │   2.1209583902775   │ 1.7700559999793768  │ 7.734983999282122  │  0.2304290843618172  │  47  │ 'successfully' │ 0.05632099974900484  │ 90000 │
│   30    │    'tim6.js'    │ false  │ 193215.9840799207  │  2.146844267554674  │ 1.7953540002927184  │ 5.803033999167383  │ 0.22880322982727663  │  46  │ 'successfully' │ 0.047810000367462635 │ 90000 │
│   31    │ 'peterPaul3.js' │ false  │ 203694.4881130876  │  2.263272090145418  │ 1.8077260004356503  │ 10.635371999815106 │  0.2698798599595557  │  65  │ 'successfully' │  0.0557049997150898  │ 90000 │
│   32    │    'tim7.js'    │ false  │ 206456.2328928169  │  2.293958143253521  │ 2.0110769998282194  │ 12.741204999387264 │ 0.16152763218909522  │ 2048 │ 'successfully' │ 0.08063500002026558  │ 90000 │
│   33    │  'mettin2.js'   │ false  │ 237705.40687006712 │ 2.6411711874451904  │ 2.2014729995280504  │ 10.274392999708652 │ 0.27738515158932875  │ 199  │ 'successfully' │ 0.05564399994909763  │ 90000 │
│   34    │  'mettin1.js'   │ false  │ 259463.78446792904 │  2.882930938532545  │  2.360728000290692  │ 10.626315999776125 │  0.2957837821885138  │ 198  │ 'successfully' │ 0.06261999998241663  │ 90000 │
│   35    │ 'peterPaul2.js' │ false  │ 391562.09781102464 │  4.350689975678051  │  3.729071999900043  │ 13.52477000001818  │ 0.33244470005036353  │  72  │ 'successfully' │ 0.05213300045579672  │ 90000 │
│   36    │  'mettin3.js'   │ false  │ 749523.6603378328  │  8.328040670420364  │  7.349510001018643  │ 16.25294299982488  │  0.4901870289846222  │  54  │ 'successfully' │ 0.04831199999898672  │ 90000 │
│   37    │ 'peterPaul4.js' │ false  │ 767574.2329557743  │  8.528602588397492  │  7.521654999814928  │ 17.343351999297738 │  0.5333789613315716  │  51  │ 'successfully' │ 0.04939100053161383  │ 90000 │
└─────────┴─────────────────┴────────┴────────────────────┴─────────────────────┴─────────────────────┴────────────────────┴──────────────────────┴──────┴────────────────┴──────────────────────┴───────┘
