EVALUATION STARTED:       Wed Apr 07 2021 10:05:40 GMT+0000 (Coordinated Universal Time)
EVALUATING CHALLENGE:     2021/w13
FOUND 25 SOLUTIONS:       aman.js, bram.js, daniel.js, dexter1.js, dexter2.js, dexter3.js, irene1.js, irene2.js, irene3.js, jmulders.js, joppe1.js,
                          joppe2.js, joppe3.js, lars1.js, lars2.js, mettin1.js, mettin2.js, peterPaul1.js, peterPaul2.js, peterPaul3.js, sander.js,
                          sanderlooijenga1.js, sanderlooijenga2.js, tim1.js, tim2.js
EVALUATING EACH           100000 TIMES WITH 10000 TEST CASES...

Running perf checks 100%... done!

EVALUATION ENDED:         Wed Apr 07 2021 11:33:15 GMT+0000 (Coordinated Universal Time)
DURATION:                 1 hour, 27 minutes, 34.433 seconds

RANKINGS:
╔═══════╤════════╤══════════════════╤════════════════╤═════════╤═════════════════╤══════════════╗
║ Place │ Points │ Name             │ Best           │ Average │ σ (st dev)      │ Size (bytes) ║
╟───────┼────────┼──────────────────┼────────────────┼─────────┼─────────────────┼──────────────╢
║ 1     │ 25     │ peterPaul3       │ 0.614ms (1.1σ) │ 0.713ms │ 0.086ms (12.0%) │ 329          ║
╟───────┼────────┼──────────────────┼────────────────┼─────────┼─────────────────┼──────────────╢
║ 2     │ 18     │ sander           │ 0.949ms (1.3σ) │ 1.095ms │ 0.113ms (10.3%) │ 118          ║
╟───────┼────────┼──────────────────┼────────────────┼─────────┼─────────────────┼──────────────╢
║       │ 18     │ joppe2           │ 0.953ms (1.3σ) │ 1.097ms │ 0.114ms (10.4%) │ 235          ║
╟───────┼────────┼──────────────────┼────────────────┼─────────┼─────────────────┼──────────────╢
║       │ 18     │ tim2             │ 0.954ms (1.2σ) │ 1.094ms │ 0.115ms (10.5%) │ 530          ║
╟───────┼────────┼──────────────────┼────────────────┼─────────┼─────────────────┼──────────────╢
║       │ 18     │ lars1            │ 0.955ms (1.2σ) │ 1.090ms │ 0.115ms (10.6%) │ 139          ║
╟───────┼────────┼──────────────────┼────────────────┼─────────┼─────────────────┼──────────────╢
║       │ 18     │ jmulders         │ 0.955ms (1.3σ) │ 1.101ms │ 0.113ms (10.3%) │ 135          ║
╟───────┼────────┼──────────────────┼────────────────┼─────────┼─────────────────┼──────────────╢
║       │ 18     │ daniel           │ 0.957ms (1.2σ) │ 1.093ms │ 0.115ms (10.5%) │ 88           ║
╟───────┼────────┼──────────────────┼────────────────┼─────────┼─────────────────┼──────────────╢
║       │ 18     │ mettin1          │ 0.958ms (1.2σ) │ 1.095ms │ 0.112ms (10.3%) │ 232          ║
╟───────┼────────┼──────────────────┼────────────────┼─────────┼─────────────────┼──────────────╢
║       │ 18     │ aman             │ 0.959ms (1.2σ) │ 1.096ms │ 0.115ms (10.5%) │ 68           ║
╟───────┼────────┼──────────────────┼────────────────┼─────────┼─────────────────┼──────────────╢
║       │ 18     │ dexter1          │ 0.962ms (1.3σ) │ 1.104ms │ 0.112ms (10.1%) │ 111          ║
╟───────┼────────┼──────────────────┼────────────────┼─────────┼─────────────────┼──────────────╢
║       │ 18     │ irene1           │ 0.963ms (1.2σ) │ 1.105ms │ 0.117ms (10.5%) │ 149          ║
╟───────┼────────┼──────────────────┼────────────────┼─────────┼─────────────────┼──────────────╢
║ 12    │        │ sanderlooijenga2 │ 1.008ms (1.2σ) │ 1.154ms │ 0.117ms (10.2%) │ 249          ║
╟───────┼────────┼──────────────────┼────────────────┼─────────┼─────────────────┼──────────────╢
║ 13    │        │ bram             │ 3.901ms (1.6σ) │ 4.313ms │ 0.264ms (6.1%)  │ 251          ║
╚═══════╧════════╧══════════════════╧════════════════╧═════════╧═════════════════╧══════════════╝

Keeping only best run from each contestant
Using 5% margin for determening ties

OMITTED FROM RANKINGS:    peterPaul1.js, tim1.js, joppe3.js, joppe1.js, irene2.js, sanderlooijenga1.js, dexter3.js, lars2.js, irene3.js,
                          peterPaul2.js, mettin2.js, dexter2.js

CODEGOLF AWARD:           dexter2.js, irene3.js, mettin2.js, peterPaul2.js with 54 bytes

SYSTEM INFO:
NODE: v14.16.0
ARCH: x64
PLATFORM: linux
VERSION: #56-Ubuntu SMP Mon Oct 5 14:28:49 UTC 2020
MEMORY: 15.64GB
CPUS: 2 x Intel(R) Xeon(R) Gold 6140 CPU @ 2.30GHz
CPU speed: 2494MHz

RAW RESULTS:
┌─────────┬───────────────────────┬────────┬────────────────────┬────────────────────┬────────────────────┬────────────────────┬─────────────────────┬──────┬────────┐
│ (index) │       solution        │ failed │       total        │      average       │        best        │       worst        │        stdev        │ size │  runs  │
├─────────┼───────────────────────┼────────┼────────────────────┼────────────────────┼────────────────────┼────────────────────┼─────────────────────┼──────┼────────┤
│    0    │    'peterPaul3.js'    │ false  │ 71276.62489990442  │ 0.7127662489990442 │ 0.6141670001670718 │ 4.409244999755174  │ 0.08578388255157388 │ 329  │ 100000 │
│    1    │      'sander.js'      │ false  │ 109532.26623296368 │ 1.0953226623296368 │ 0.9489060002379119 │ 3.3409140000585467 │ 0.11302767497136572 │ 118  │ 100000 │
│    2    │    'peterPaul1.js'    │ false  │ 109832.8315610007  │ 1.098328315610007  │ 0.9532610001042485 │ 3.8348570000380278 │ 0.11432362230816846 │ 167  │ 100000 │
│    3    │      'joppe2.js'      │ false  │ 109698.3265879782  │ 1.096983265879782  │ 0.9533760000485927 │ 3.563544000033289  │ 0.11422560869676435 │ 235  │ 100000 │
│    4    │       'tim2.js'       │ false  │ 109427.70200194602 │ 1.0942770200194603 │ 0.953529000049457  │ 8.059404999949038  │ 0.11513626202634411 │ 530  │ 100000 │
│    5    │      'lars1.js'       │ false  │ 109003.14372303072 │ 1.0900314372303073 │ 0.9547470000106841 │ 7.4426479996182024 │ 0.11543753484896152 │ 139  │ 100000 │
│    6    │     'jmulders.js'     │ false  │ 110058.15578197147 │ 1.1005815578197147 │ 0.955022000009194  │ 2.343569000251591  │ 0.11331330778191158 │ 135  │ 100000 │
│    7    │      'daniel.js'      │ false  │ 109250.81420086935 │ 1.0925081420086935 │ 0.9571660000365227 │ 6.467692000034731  │ 0.11451677098055166 │  88  │ 100000 │
│    8    │     'mettin1.js'      │ false  │ 109518.0650059027  │ 1.0951806500590269 │ 0.9580199997872114 │ 3.4491260000504553 │ 0.1124722118080811  │ 232  │ 100000 │
│    9    │       'aman.js'       │ false  │ 109595.41917808246 │ 1.0959541917808246 │ 0.9592300001531839 │ 3.2515320000238717 │ 0.11454670017582735 │  68  │ 100000 │
│   10    │       'tim1.js'       │ false  │ 110124.88085804146 │ 1.1012488085804146 │ 0.961598000023514  │  4.33225499978289  │ 0.1140336527970037  │ 243  │ 100000 │
│   11    │     'dexter1.js'      │ false  │ 110362.38133704191 │ 1.103623813370419  │ 0.9624580000527203 │ 4.1143870000960305 │ 0.11200270572799274 │ 111  │ 100000 │
│   12    │      'irene1.js'      │ false  │ 110512.83844596005 │ 1.1051283844596005 │ 0.963383000344038  │  8.26812600006815  │ 0.11654222716107353 │ 149  │ 100000 │
│   13    │      'joppe3.js'      │ false  │ 110907.73756705681 │ 1.109077375670568  │ 0.9672729996964335 │ 2.6922349999658763 │ 0.11380262734684402 │ 656  │ 100000 │
│   14    │ 'sanderlooijenga2.js' │ false  │ 115392.15020201501 │  1.15392150202015  │ 1.0079220000188798 │ 8.730843000113964  │ 0.11717901737472433 │ 249  │ 100000 │
│   15    │      'joppe1.js'      │ false  │ 142911.1223370706  │ 1.4291112233707062 │ 1.2704980000853539 │ 5.749270999804139  │ 0.12383146830607225 │ 275  │ 100000 │
│   16    │      'irene2.js'      │ false  │ 218221.63323504428 │ 2.1822163323504427 │ 1.9578500000061467 │ 9.609525999985635  │ 0.1658487610772961  │  56  │ 100000 │
│   17    │ 'sanderlooijenga1.js' │ false  │ 268709.5553879356  │ 2.687095553879356  │ 2.3718930000904948 │ 5.500260000117123  │ 0.20182685161017938 │ 326  │ 100000 │
│   18    │     'dexter3.js'      │ false  │ 316746.2137110046  │ 3.167462137110046  │ 2.808409000746906  │ 7.842076999950223  │ 0.2311312405772628  │ 104  │ 100000 │
│   19    │       'bram.js'       │ false  │ 431338.10646496946 │ 4.313381064649694  │ 3.901130000129342  │ 8.524487000191584  │ 0.2644985907399526  │ 251  │ 100000 │
│   20    │      'lars2.js'       │ false  │ 429479.7738028272  │ 4.294797738028272  │ 3.933297000010498  │ 9.835983000230044  │ 0.25219549387182255 │  59  │ 100000 │
│   21    │      'irene3.js'      │ false  │ 434732.8210670688  │ 4.347328210670688  │ 3.952096000313759  │ 8.688057000748813  │ 0.2535838589980265  │  54  │ 100000 │
│   22    │    'peterPaul2.js'    │ false  │ 436301.2919759888  │ 4.363012919759888  │ 3.9856340000405908 │ 10.61786499992013  │ 0.25392207464035454 │  54  │ 100000 │
│   23    │     'mettin2.js'      │ false  │ 440028.6424460474  │ 4.400286424460474  │ 3.993127000052482  │ 8.722481000237167  │ 0.25617641248249584 │  54  │ 100000 │
│   24    │     'dexter2.js'      │ false  │ 439432.59472988336 │ 4.394325947298833  │ 4.003235000069253  │ 11.023601000022609 │ 0.2520325153428138  │  54  │ 100000 │
└─────────┴───────────────────────┴────────┴────────────────────┴────────────────────┴────────────────────┴────────────────────┴─────────────────────┴──────┴────────┘