EVALUATION STARTED:                 08/09/2021, 12:06:56
EVALUATING CHALLENGE:               2021/w35
FOUND 31 SOLUTIONS:                 anuradha1.js, anuradha2.js, anuradha3.js, anuradha4.js, anuradha5.js, bram1.js, bram2.js, chris1.js, chris2.js,
                          chris3.js, chris4.js, chris5.js, chris6.js, ezzeddine1.js, ezzeddine2.js, gift1.js, hossein1.js, irene1.js, irene2.js,
                          irene3.js, irene4.js, irene5.js, ji1.js, jmulders1.js, jmulders2.js, lee1.js, lee2.js, pablo1.js, pablo2.js, tori1.js,
                          varun1.js
RUNNING EVALUATION FOR:             5400 SECONDS WITH 10000 TEST CASES IN EACH CYCLE...



EVALUATION ENDED:                   08/09/2021, 13:37:06
DURATION:                           1 hour, 30 minutes, 8.72 seconds

RANKINGS:
╔═══════╤════════╤════════════╤═════════╤══════════╤══════════════╤══════╗
║ Place │ Points │ Name       │ Total   │ Best run │ Best compile │ Size ║
╟───────┼────────┼────────────┼─────────┼──────────┼──────────────┼──────╢
║ 1     │ 25     │ jmulders1  │ 1.615ms │ 1.603ms  │ 0.012ms      │ 449  ║
╟───────┼────────┼────────────┼─────────┼──────────┼──────────────┼──────╢
║       │ 25     │ varun1     │ 1.666ms │ 1.653ms  │ 0.013ms      │ 324  ║
╟───────┼────────┼────────────┼─────────┼──────────┼──────────────┼──────╢
║       │ 25     │ irene3     │ 1.667ms │ 1.654ms  │ 0.013ms      │ 377  ║
╟───────┼────────┼────────────┼─────────┼──────────┼──────────────┼──────╢
║ 4     │ 12     │ chris4     │ 3.845ms │ 3.833ms  │ 0.012ms      │ 356  ║
╟───────┼────────┼────────────┼─────────┼──────────┼──────────────┼──────╢
║       │ 12     │ bram2      │ 3.987ms │ 3.973ms  │ 0.014ms      │ 340  ║
╟───────┼────────┼────────────┼─────────┼──────────┼──────────────┼──────╢
║ 6     │ 8      │ pablo2     │ 4.472ms │ 4.460ms  │ 0.012ms      │ 67   ║
╟───────┼────────┼────────────┼─────────┼──────────┼──────────────┼──────╢
║ 7     │ 6      │ hossein1   │ 5.064ms │ 5.051ms  │ 0.012ms      │ 91   ║
╟───────┼────────┼────────────┼─────────┼──────────┼──────────────┼──────╢
║       │ 6      │ tori1      │ 5.196ms │ 5.183ms  │ 0.013ms      │ 321  ║
╟───────┼────────┼────────────┼─────────┼──────────┼──────────────┼──────╢
║       │ 6      │ lee2       │ 5.238ms │ 5.224ms  │ 0.013ms      │ 288  ║
╟───────┼────────┼────────────┼─────────┼──────────┼──────────────┼──────╢
║ 10    │ 1      │ ezzeddine1 │ 5.527ms │ 5.514ms  │ 0.012ms      │ 149  ║
╟───────┼────────┼────────────┼─────────┼──────────┼──────────────┼──────╢
║       │ 1      │ anuradha1  │ 5.589ms │ 5.575ms  │ 0.013ms      │ 288  ║
╟───────┼────────┼────────────┼─────────┼──────────┼──────────────┼──────╢
║ 12    │        │ gift1      │ 8.636ms │ 8.624ms  │ 0.012ms      │ 231  ║
╟───────┼────────┼────────────┼─────────┼──────────┼──────────────┼──────╢
║ 13    │        │ ji1        │ 9.919ms │ 9.906ms  │ 0.013ms      │ 309  ║
╚═══════╧════════╧════════════╧═════════╧══════════╧══════════════╧══════╝

Keeping only best run from each contestant
Using 5% margin for determening ties

OMITTED FROM RANKINGS:              irene2.js, chris6.js, chris3.js, chris1.js, irene5.js, pablo1.js, bram1.js, ezzeddine2.js, anuradha2.js, jmulders2.js,
                          anuradha5.js, anuradha4.js, anuradha3.js, irene1.js, irene4.js, lee1.js, chris2.js

CODEGOLF AWARD:                     jmulders2.js with 59 bytes

FAILED SOLUTIONS:                   chris5.js

SYSTEM INFO:
NODE: v14.16.0
ARCH: x64
PLATFORM: linux
VERSION: #56-Ubuntu SMP Mon Oct 5 14:28:49 UTC 2020
MEMORY: 15.64GB
CPUS: 2 x Intel(R) Xeon(R) Gold 6140 CPU @ 2.30GHz
CPU speed: 2494MHz

RAW RESULTS:
┌─────────┬─────────────────┬────────────────────┬────────────────────┬──────────────────────┬──────┬────────────────┬─────────────────────┬────────────────┬──────────────┬────────┬─────────────────────────────────────┬───────┐
│ (index) │    solution     │       total        │      bestRun       │     bestCompile      │ size │    compiled    │   validationTime    │ memoryEstimate │ onlyCodegolf │ failed │             failReason              │ runs  │
├─────────┼─────────────────┼────────────────────┼────────────────────┼──────────────────────┼──────┼────────────────┼─────────────────────┼────────────────┼──────────────┼────────┼─────────────────────────────────────┼───────┤
│    0    │ 'jmulders1.js'  │ 1.615263999439776  │ 1.6027909996919334 │ 0.01247299974784255  │ 449  │ 'successfully' │  33.98867599999721  │     138640     │    false     │ false  │                null                 │ 21000 │
│    1    │   'varun1.js'   │ 1.6659470000304282 │ 1.6533280001021922 │ 0.012618999928236008 │ 324  │ 'successfully' │ 38.414011000000755  │     141080     │    false     │ false  │                null                 │ 21000 │
│    2    │   'irene3.js'   │ 1.6670569996349514 │ 1.6542739998549223 │ 0.012782999780029058 │ 377  │ 'successfully' │ 38.193145999997796  │     135832     │    false     │ false  │                null                 │ 21000 │
│    3    │   'irene2.js'   │ 2.467869999818504  │ 2.4549569999799132 │ 0.012912999838590622 │ 318  │ 'successfully' │ 10.695584999997664  │     137624     │    false     │ false  │                null                 │ 21000 │
│    4    │   'chris4.js'   │ 3.844890999753261  │ 3.832540000003064  │ 0.012350999750196934 │ 356  │ 'successfully' │  15.81507000000056  │     138976     │    false     │ false  │                null                 │ 21000 │
│    5    │   'bram2.js'    │ 3.9865950000239536 │ 3.972890999983065  │ 0.013704000040888786 │ 340  │ 'successfully' │  18.06356599999708  │     140160     │    false     │ false  │                null                 │ 21000 │
│    6    │   'chris6.js'   │ 4.4004030004143715 │ 4.387985000386834  │ 0.012418000027537346 │  64  │ 'successfully' │ 16.176555999998527  │     139720     │    false     │ false  │                null                 │ 21000 │
│    7    │   'chris3.js'   │ 4.414202999963891  │ 4.402036999992561  │ 0.012165999971330166 │  80  │ 'successfully' │  13.17843499999799  │     137928     │    false     │ false  │                null                 │ 21000 │
│    8    │   'chris1.js'   │ 4.460104999598116  │ 4.447900999337435  │ 0.012204000260680914 │ 109  │ 'successfully' │  20.7095180000033   │     138864     │    false     │ false  │                null                 │ 21000 │
│    9    │   'pablo2.js'   │ 4.472396999713965  │ 4.4600729999365285 │ 0.012323999777436256 │  67  │ 'successfully' │ 30.872371000001294  │     143448     │    false     │ false  │                null                 │ 21000 │
│   10    │   'irene5.js'   │ 4.5963439997285604 │ 4.584564999677241  │  0.0117790000513196  │  65  │ 'successfully' │ 13.642798999997467  │     137656     │    false     │ false  │                null                 │ 21000 │
│   11    │  'hossein1.js'  │ 5.063787000253797  │ 5.051396999973804  │ 0.012390000279992819 │  91  │ 'successfully' │  39.7599220000011   │     141440     │    false     │ false  │                null                 │ 21000 │
│   12    │   'pablo1.js'   │ 5.084243000019342  │ 5.070567999966443  │ 0.013675000052899122 │ 221  │ 'successfully' │ 13.168809999999212  │     142920     │    false     │ false  │                null                 │ 21000 │
│   13    │   'tori1.js'    │ 5.195967999694403  │ 5.182738000003155  │ 0.01322999969124794  │ 321  │ 'successfully' │ 20.469139000000723  │     141752     │    false     │ false  │                null                 │ 21000 │
│   14    │    'lee2.js'    │ 5.237515999935567  │ 5.224220999982208  │ 0.013294999953359365 │ 288  │ 'successfully' │ 124.99434300000212  │     141640     │    false     │ false  │                null                 │ 21000 │
│   15    │   'bram1.js'    │ 5.421747000422329  │ 5.408028000034392  │ 0.01371900038793683  │ 353  │ 'successfully' │ 15.329917999999452  │     138704     │    false     │ false  │                null                 │ 21000 │
│   16    │ 'ezzeddine1.js' │ 5.526613999856636  │ 5.514220000011846  │ 0.012393999844789505 │ 149  │ 'successfully' │ 16.564267999998265  │     138632     │    false     │ false  │                null                 │ 21000 │
│   17    │ 'ezzeddine2.js' │ 5.533398000523448  │ 5.521223000250757  │ 0.01217500027269125  │ 185  │ 'successfully' │  17.77575600000273  │     141056     │    false     │ false  │                null                 │ 21000 │
│   18    │ 'anuradha1.js'  │ 5.588528999593109  │ 5.575109999626875  │ 0.013418999966233969 │ 288  │ 'successfully' │  39.76578700000027  │     138712     │    false     │ false  │                null                 │ 21000 │
│   19    │ 'anuradha2.js'  │ 5.919466000050306  │ 5.9059399999678135 │ 0.013526000082492828 │ 300  │ 'successfully' │ 34.907734000000346  │     139560     │    false     │ false  │                null                 │ 21000 │
│   20    │ 'jmulders2.js'  │ 6.152902000118047  │ 6.140168000012636  │ 0.012734000105410814 │  59  │ 'successfully' │  15.45553800000198  │     138152     │    false     │ false  │                null                 │ 21000 │
│   21    │ 'anuradha5.js'  │ 7.251542000100017  │ 7.238613000139594  │ 0.012928999960422516 │ 160  │ 'successfully' │ 19.299125000001368  │     141904     │    false     │ false  │                null                 │ 21000 │
│   22    │ 'anuradha4.js'  │ 7.365809999871999  │ 7.353438999969512  │ 0.012370999902486801 │  93  │ 'successfully' │  36.4497850000007   │     139184     │    false     │ false  │                null                 │ 21000 │
│   23    │ 'anuradha3.js'  │ 7.649839000456268  │  7.6373339999991   │ 0.012505000457167625 │ 190  │ 'successfully' │  40.00115199999709  │     138896     │    false     │ false  │                null                 │ 21000 │
│   24    │   'irene1.js'   │  8.4082690000796   │ 8.395035000008647  │ 0.013234000070951879 │ 286  │ 'successfully' │  48.03611499999897  │     141096     │    false     │ false  │                null                 │ 21000 │
│   25    │   'gift1.js'    │ 8.636088999919593  │ 8.623639999888837  │ 0.012449000030755997 │ 231  │ 'successfully' │ 27.854638000000705  │     141232     │    false     │ false  │                null                 │ 21000 │
│   26    │    'ji1.js'     │  9.91936399973929  │ 9.906092999968678  │ 0.013270999770611525 │ 309  │ 'successfully' │  49.69368799999938  │     140192     │    false     │ false  │                null                 │ 21000 │
│   27    │   'irene4.js'   │ 11.393611000443343 │ 11.381292000005487 │ 0.01231900043785572  │  64  │ 'successfully' │ 26.144517999997333  │     141360     │    false     │ false  │                null                 │ 21000 │
│   28    │    'lee1.js'    │ 15.077229000278749 │ 15.063739000004716 │ 0.013490000274032354 │ 431  │ 'successfully' │ 27.524642000000313  │     139088     │    false     │ false  │                null                 │ 21000 │
│   29    │   'chris2.js'   │ 38.41558100027032  │ 38.40159899997525  │ 0.013982000295072794 │ 330  │ 'successfully' │  96.30557600000247  │     140680     │    false     │ false  │                null                 │ 21000 │
│   30    │   'chris5.js'   │        null        │        null        │         null         │  65  │ 'successfully' │ 0.29628500000035274 │     138808     │    false     │  true  │ 'RangeError: Invalid string length' │   0   │
└─────────┴─────────────────┴────────────────────┴────────────────────┴──────────────────────┴──────┴────────────────┴─────────────────────┴────────────────┴──────────────┴────────┴─────────────────────────────────────┴───────┘

MEMORY USAGE:
┌─────────┬─────────────────┬────────────────┐
│ (index) │    solution     │ memoryEstimate │
├─────────┼─────────────────┼────────────────┤
│    0    │   'irene3.js'   │     135832     │
│    1    │   'irene2.js'   │     137624     │
│    2    │   'irene5.js'   │     137656     │
│    3    │   'chris3.js'   │     137928     │
│    4    │ 'jmulders2.js'  │     138152     │
│    5    │ 'ezzeddine1.js' │     138632     │
│    6    │ 'jmulders1.js'  │     138640     │
│    7    │   'bram1.js'    │     138704     │
│    8    │ 'anuradha1.js'  │     138712     │
│    9    │   'chris1.js'   │     138864     │
│   10    │ 'anuradha3.js'  │     138896     │
│   11    │   'chris4.js'   │     138976     │
│   12    │    'lee1.js'    │     139088     │
│   13    │ 'anuradha4.js'  │     139184     │
│   14    │ 'anuradha2.js'  │     139560     │
│   15    │   'chris6.js'   │     139720     │
│   16    │   'bram2.js'    │     140160     │
│   17    │    'ji1.js'     │     140192     │
│   18    │   'chris2.js'   │     140680     │
│   19    │ 'ezzeddine2.js' │     141056     │
│   20    │   'varun1.js'   │     141080     │
│   21    │   'irene1.js'   │     141096     │
│   22    │   'gift1.js'    │     141232     │
│   23    │   'irene4.js'   │     141360     │
│   24    │  'hossein1.js'  │     141440     │
│   25    │    'lee2.js'    │     141640     │
│   26    │   'tori1.js'    │     141752     │
│   27    │ 'anuradha5.js'  │     141904     │
│   28    │   'pablo1.js'   │     142920     │
│   29    │   'pablo2.js'   │     143448     │
└─────────┴─────────────────┴────────────────┘